  소스.c
c:\users\jisu\source\repos\project7\project7\소스.c(24): warning C4996: 'strcpy': This function or variable may be unsafe. Consider using strcpy_s instead. To disable deprecation, use _CRT_SECURE_NO_WARNINGS. See online help for details.
  c:\program files (x86)\windows kits\10\include\10.0.17134.0\ucrt\string.h(133): note: 'strcpy' 선언을 참조하십시오.
c:\users\jisu\source\repos\project7\project7\소스.c(31): warning C4047: '함수': 'char *'의 간접 참조 수준이 'char'과(와) 다릅니다.
c:\users\jisu\source\repos\project7\project7\소스.c(31): warning C4024: 'hash_function': 형식 및 실제 매개 변수 1의 형식이 서로 다릅니다.
c:\users\jisu\source\repos\project7\project7\소스.c(34): warning C4047: 'return': 'char'의 간접 참조 수준이 'char [12]'과(와) 다릅니다.
c:\users\jisu\source\repos\project7\project7\소스.c(37): warning C4047: 'return': 'char'의 간접 참조 수준이 'char [10]'과(와) 다릅니다.
c:\users\jisu\source\repos\project7\project7\소스.c(49): warning C4047: '함수': 'char'의 간접 참조 수준이 'char [6]'과(와) 다릅니다.
c:\users\jisu\source\repos\project7\project7\소스.c(49): warning C4024: 'GetValue': 형식 및 실제 매개 변수 1의 형식이 서로 다릅니다.
c:\users\jisu\source\repos\project7\project7\소스.c(49): warning C4477: 'printf' : 서식 문자열 '%s'에 'char *' 형식의 인수가 필요하지만 variadic 인수 1의 형식이 'int'입니다.
c:\users\jisu\source\repos\project7\project7\소스.c(50): warning C4047: '함수': 'char'의 간접 참조 수준이 'char [7]'과(와) 다릅니다.
c:\users\jisu\source\repos\project7\project7\소스.c(50): warning C4024: 'GetValue': 형식 및 실제 매개 변수 1의 형식이 서로 다릅니다.
c:\users\jisu\source\repos\project7\project7\소스.c(50): warning C4477: 'printf' : 서식 문자열 '%s'에 'char *' 형식의 인수가 필요하지만 variadic 인수 1의 형식이 'int'입니다.
c:\users\jisu\source\repos\project7\project7\소스.c(51): warning C4047: '함수': 'char'의 간접 참조 수준이 'char [6]'과(와) 다릅니다.
c:\users\jisu\source\repos\project7\project7\소스.c(51): warning C4024: 'GetValue': 형식 및 실제 매개 변수 1의 형식이 서로 다릅니다.
c:\users\jisu\source\repos\project7\project7\소스.c(51): warning C4477: 'printf' : 서식 문자열 '%s'에 'char *' 형식의 인수가 필요하지만 variadic 인수 1의 형식이 'int'입니다.
c:\users\jisu\source\repos\project7\project7\소스.c(54): warning C4047: '함수': 'char'의 간접 참조 수준이 'char [6]'과(와) 다릅니다.
c:\users\jisu\source\repos\project7\project7\소스.c(54): warning C4024: 'GetValue': 형식 및 실제 매개 변수 1의 형식이 서로 다릅니다.
c:\users\jisu\source\repos\project7\project7\소스.c(54): warning C4477: 'printf' : 서식 문자열 '%s'에 'char *' 형식의 인수가 필요하지만 variadic 인수 1의 형식이 'int'입니다.
  Project7.vcxproj -> C:\Users\Jisu\source\repos\Project7\Debug\Project7.exe
